nohup: ignoring input
  ____________       _____________
 ____    |__( )_________  __/__  /________      __
____  /| |_  /__  ___/_  /_ __  /_  __ \_ | /| / /
___  ___ |  / _  /   _  __/ _  / / /_/ /_ |/ |/ /
 _/_/  |_/_/  /_/    /_/    /_/  \____/____/|__/
[[34m2025-05-12T16:17:07.204+0100[0m] {[34mtask_context_logger.py:[0m63} INFO[0m - Task context logging is enabled[0m
[[34m2025-05-12T16:17:07.204+0100[0m] {[34mexecutor_loader.py:[0m235} INFO[0m - Loaded executor: SequentialExecutor[0m
[[34m2025-05-12T16:17:07.244+0100[0m] {[34mscheduler_job_runner.py:[0m799} INFO[0m - Starting the scheduler[0m
[[34m2025-05-12T16:17:07.245+0100[0m] {[34mscheduler_job_runner.py:[0m806} INFO[0m - Processing each file at most -1 times[0m
[[34m2025-05-12T16:17:07.248+0100[0m] {[34mmanager.py:[0m170} INFO[0m - Launched DagFileProcessorManager with pid: 71877[0m
[[34m2025-05-12T16:17:07.249+0100[0m] {[34mscheduler_job_runner.py:[0m1598} INFO[0m - Adopting or resetting orphaned tasks for active dag runs[0m
[2025-05-12 16:17:08 +0100] [71876] [INFO] Starting gunicorn 23.0.0
[2025-05-12 16:17:08 +0100] [71876] [INFO] Listening at: http://[::]:8793 (71876)
[2025-05-12 16:17:08 +0100] [71876] [INFO] Using worker: sync
[2025-05-12 16:17:08 +0100] [71880] [INFO] Booting worker with pid: 71880
[[34m2025-05-12T16:17:08.330+0100[0m] {[34msettings.py:[0m60} INFO[0m - Configured default timezone UTC[0m
[2025-05-12 16:17:08 +0100] [71881] [INFO] Booting worker with pid: 71881
[2025-05-12T16:17:08.345+0100] {manager.py:393} WARNING - Because we cannot use more than 1 thread (parsing_processes = 2) when using sqlite. So we set parallelism to 1.
[[34m2025-05-12T16:22:07.292+0100[0m] {[34mscheduler_job_runner.py:[0m1598} INFO[0m - Adopting or resetting orphaned tasks for active dag runs[0m
[[34m2025-05-12T16:22:10.081+0100[0m] {[34mserve_logs.py:[0m85} WARNING[0m - The Authorization header is missing: Host: localhost:8793
Sec-Fetch-Dest: document
User-Agent: Mozilla/5.0 (Macintosh; Intel Mac OS X 10_15_7) AppleWebKit/605.1.15 (KHTML, like Gecko) Version/18.4 Safari/605.1.15
Upgrade-Insecure-Requests: 1
Accept: text/html,application/xhtml+xml,application/xml;q=0.9,*/*;q=0.8
Sec-Fetch-Site: none
Sec-Fetch-Mode: navigate
Accept-Language: en-GB,en;q=0.9
Priority: u=0, i
Accept-Encoding: gzip, deflate
Cookie: session=b264330f-3a24-47a5-b46a-51d3347380f8.0n6FBbeTQLux1HPRhykz3uMRryc; _sp_id.1fff=0ae24f0b-8396-4283-a2e4-3e6df1fed181.1746354055.5.1746993697.1746989572.3e251a92-4344-4e61-8c4c-7029f0a95f60; ajs_anonymous_id=fd279988-1236-458c-ae90-00549a4c3a63
Connection: keep-alive

.[0m
[[34m2025-05-12T16:22:10.247+0100[0m] {[34mserve_logs.py:[0m85} WARNING[0m - The Authorization header is missing: Host: localhost:8793
Sec-Fetch-Dest: image
User-Agent: Mozilla/5.0 (Macintosh; Intel Mac OS X 10_15_7) AppleWebKit/605.1.15 (KHTML, like Gecko) Version/18.4 Safari/605.1.15
Accept: */*
Referer: http://localhost:8793/
Sec-Fetch-Site: same-origin
Sec-Fetch-Mode: no-cors
Accept-Language: en-GB,en;q=0.9
Priority: u=3, i
Accept-Encoding: gzip, deflate
Cookie: session=b264330f-3a24-47a5-b46a-51d3347380f8.0n6FBbeTQLux1HPRhykz3uMRryc; _sp_id.1fff=0ae24f0b-8396-4283-a2e4-3e6df1fed181.1746354055.5.1746993697.1746989572.3e251a92-4344-4e61-8c4c-7029f0a95f60; ajs_anonymous_id=fd279988-1236-458c-ae90-00549a4c3a63
Connection: keep-alive

.[0m
[[34m2025-05-12T16:22:35.384+0100[0m] {[34mserve_logs.py:[0m85} WARNING[0m - The Authorization header is missing: Host: localhost:8793
Sec-Fetch-Dest: document
User-Agent: Mozilla/5.0 (Macintosh; Intel Mac OS X 10_15_7) AppleWebKit/605.1.15 (KHTML, like Gecko) Version/18.4 Safari/605.1.15
Upgrade-Insecure-Requests: 1
Accept: text/html,application/xhtml+xml,application/xml;q=0.9,*/*;q=0.8
Sec-Fetch-Site: none
Sec-Fetch-Mode: navigate
Accept-Language: en-GB,en;q=0.9
Priority: u=0, i
Accept-Encoding: gzip, deflate
Cookie: session=b264330f-3a24-47a5-b46a-51d3347380f8.0n6FBbeTQLux1HPRhykz3uMRryc; _sp_id.1fff=0ae24f0b-8396-4283-a2e4-3e6df1fed181.1746354055.5.1746993697.1746989572.3e251a92-4344-4e61-8c4c-7029f0a95f60; ajs_anonymous_id=fd279988-1236-458c-ae90-00549a4c3a63
Connection: keep-alive

.[0m
[[34m2025-05-12T16:27:08.058+0100[0m] {[34mscheduler_job_runner.py:[0m1598} INFO[0m - Adopting or resetting orphaned tasks for active dag runs[0m
[[34m2025-05-12T16:32:08.078+0100[0m] {[34mscheduler_job_runner.py:[0m1598} INFO[0m - Adopting or resetting orphaned tasks for active dag runs[0m
[[34m2025-05-12T16:32:21.293+0100[0m] {[34mscheduler_job_runner.py:[0m256} INFO[0m - Exiting gracefully upon receiving signal 15[0m
[[34m2025-05-12T16:32:21.762+0100[0m] {[34mprocess_utils.py:[0m132} INFO[0m - Sending 15 to group 71877. PIDs of all processes in the group: [][0m
[[34m2025-05-12T16:32:21.762+0100[0m] {[34mprocess_utils.py:[0m87} INFO[0m - Sending the signal 15 to group 71877[0m
[[34m2025-05-12T16:32:21.762+0100[0m] {[34mprocess_utils.py:[0m101} INFO[0m - Sending the signal 15 to process 71877 as process group is missing.[0m
[[34m2025-05-12T16:32:21.763+0100[0m] {[34mprocess_utils.py:[0m132} INFO[0m - Sending 15 to group 71877. PIDs of all processes in the group: [][0m
[[34m2025-05-12T16:32:21.763+0100[0m] {[34mprocess_utils.py:[0m87} INFO[0m - Sending the signal 15 to group 71877[0m
[[34m2025-05-12T16:32:21.763+0100[0m] {[34mprocess_utils.py:[0m101} INFO[0m - Sending the signal 15 to process 71877 as process group is missing.[0m
[[34m2025-05-12T16:32:21.764+0100[0m] {[34mscheduler_job_runner.py:[0m875} INFO[0m - Exited execute loop[0m
[2025-05-12 16:32:21 +0100] [71876] [INFO] Handling signal: term
[2025-05-12 16:32:21 +0100] [71880] [INFO] Worker exiting (pid: 71880)
[2025-05-12 16:32:21 +0100] [71881] [INFO] Worker exiting (pid: 71881)
[2025-05-12 16:32:22 +0100] [71876] [INFO] Shutting down: Master
