[2025-05-12T23:05:25.636+0100] {local_task_job_runner.py:120} INFO - ::group::Pre task execution logs
[2025-05-12T23:05:25.649+0100] {taskinstance.py:2076} INFO - Dependencies all met for dep_context=non-requeueable deps ti=<TaskInstance: youtube_daily_pipeline.dbt_run manual__2025-05-12T22:05:21.245848+00:00 [queued]>
[2025-05-12T23:05:25.652+0100] {taskinstance.py:2076} INFO - Dependencies all met for dep_context=requeueable deps ti=<TaskInstance: youtube_daily_pipeline.dbt_run manual__2025-05-12T22:05:21.245848+00:00 [queued]>
[2025-05-12T23:05:25.652+0100] {taskinstance.py:2306} INFO - Starting attempt 1 of 2
[2025-05-12T23:05:25.656+0100] {taskinstance.py:2330} INFO - Executing <Task(BashOperator): dbt_run> on 2025-05-12 22:05:21.245848+00:00
[2025-05-12T23:05:25.661+0100] {standard_task_runner.py:90} INFO - Running: ['airflow', 'tasks', 'run', 'youtube_daily_pipeline', 'dbt_run', 'manual__2025-05-12T22:05:21.245848+00:00', '--job-id', '48', '--raw', '--subdir', 'DAGS_FOLDER/youtube_pipeline.py', '--cfg-path', '/var/folders/x8/bvc5rcpd5t12mfz1khbckdsm0000gn/T/tmpbxjcgi8a']
[2025-05-12T23:05:25.662+0100] {standard_task_runner.py:91} INFO - Job 48: Subtask dbt_run
[2025-05-12T23:05:25.663+0100] {logging_mixin.py:188} WARNING - /Users/moeinfahmide/miniconda3/envs/open-air/lib/python3.12/site-packages/airflow/task/task_runner/standard_task_runner.py:62 DeprecationWarning: This process (pid=16951) is multi-threaded, use of fork() may lead to deadlocks in the child.
[2025-05-12T23:05:25.663+0100] {standard_task_runner.py:64} INFO - Started process 16953 to run task
[2025-05-12T23:05:25.679+0100] {task_command.py:426} INFO - Running <TaskInstance: youtube_daily_pipeline.dbt_run manual__2025-05-12T22:05:21.245848+00:00 [running]> on host macbookair.lan
[2025-05-12T23:05:25.813+0100] {taskinstance.py:2648} INFO - Exporting env vars: AIRFLOW_CTX_DAG_OWNER='you' AIRFLOW_CTX_DAG_ID='youtube_daily_pipeline' AIRFLOW_CTX_TASK_ID='dbt_run' AIRFLOW_CTX_EXECUTION_DATE='2025-05-12T22:05:21.245848+00:00' AIRFLOW_CTX_TRY_NUMBER='1' AIRFLOW_CTX_DAG_RUN_ID='manual__2025-05-12T22:05:21.245848+00:00'
[2025-05-12T23:05:25.813+0100] {taskinstance.py:430} INFO - ::endgroup::
[2025-05-12T23:05:25.820+0100] {subprocess.py:63} INFO - Tmp dir root location: /var/folders/x8/bvc5rcpd5t12mfz1khbckdsm0000gn/T
[2025-05-12T23:05:25.820+0100] {subprocess.py:75} INFO - Running command: ['/bin/bash', '-c', 'cd "/Users/moeinfahmide/Desktop/Job/Learning/Data Engineering/projects/youtube/youtube_dbt" && dbt run --project-dir "/Users/moeinfahmide/Desktop/Job/Learning/Data Engineering/projects/youtube/youtube_dbt" --profiles-dir "/Users/moeinfahmide/Desktop/Job/Learning/Data Engineering/projects/youtube" --models staging+ marts+']
[2025-05-12T23:05:25.824+0100] {subprocess.py:86} INFO - Output:
[2025-05-12T23:05:26.922+0100] {subprocess.py:93} INFO - [0m22:05:26  Running with dbt=1.9.4
[2025-05-12T23:05:27.073+0100] {subprocess.py:93} INFO - [0m22:05:27  Registered adapter: postgres=1.9.0
[2025-05-12T23:05:27.308+0100] {subprocess.py:93} INFO - [0m22:05:27  Found 10 models, 19 data tests, 433 macros
[2025-05-12T23:05:27.311+0100] {subprocess.py:93} INFO - [0m22:05:27
[2025-05-12T23:05:27.311+0100] {subprocess.py:93} INFO - [0m22:05:27  Concurrency: 1 threads (target='dev')
[2025-05-12T23:05:27.311+0100] {subprocess.py:93} INFO - [0m22:05:27
[2025-05-12T23:05:27.436+0100] {subprocess.py:93} INFO - [0m22:05:27  1 of 8 START sql table model clean.stg_channels ................................ [RUN]
[2025-05-12T23:05:27.538+0100] {subprocess.py:93} INFO - [0m22:05:27  1 of 8 OK created sql table model clean.stg_channels ........................... [[32mSELECT 97[0m in 0.10s]
[2025-05-12T23:05:27.539+0100] {subprocess.py:93} INFO - [0m22:05:27  2 of 8 START sql table model clean.stg_popular_videos .......................... [RUN]
[2025-05-12T23:05:27.591+0100] {subprocess.py:93} INFO - [0m22:05:27  2 of 8 OK created sql table model clean.stg_popular_videos ..................... [[32mSELECT 101[0m in 0.05s]
[2025-05-12T23:05:27.592+0100] {subprocess.py:93} INFO - [0m22:05:27  3 of 8 START sql table model clean.stg_videos .................................. [RUN]
[2025-05-12T23:05:27.629+0100] {subprocess.py:93} INFO - [0m22:05:27  3 of 8 OK created sql table model clean.stg_videos ............................. [[32mSELECT 53[0m in 0.04s]
[2025-05-12T23:05:27.631+0100] {subprocess.py:93} INFO - [0m22:05:27  4 of 8 START sql table model clean.video_snapshot .............................. [RUN]
[2025-05-12T23:05:27.664+0100] {subprocess.py:93} INFO - [0m22:05:27  4 of 8 OK created sql table model clean.video_snapshot ......................... [[32mSELECT 53[0m in 0.03s]
[2025-05-12T23:05:27.666+0100] {subprocess.py:93} INFO - [0m22:05:27  5 of 8 START sql table model clean.channel_growth .............................. [RUN]
[2025-05-12T23:05:27.705+0100] {subprocess.py:93} INFO - [0m22:05:27  5 of 8 OK created sql table model clean.channel_growth ......................... [[32mSELECT 97[0m in 0.04s]
[2025-05-12T23:05:27.706+0100] {subprocess.py:93} INFO - [0m22:05:27  6 of 8 START sql table model clean.channel_summary ............................. [RUN]
[2025-05-12T23:05:27.742+0100] {subprocess.py:93} INFO - [0m22:05:27  6 of 8 OK created sql table model clean.channel_summary ........................ [[32mSELECT 48[0m in 0.04s]
[2025-05-12T23:05:27.744+0100] {subprocess.py:93} INFO - [0m22:05:27  7 of 8 START sql table model clean.underdog_videos ............................. [RUN]
[2025-05-12T23:05:27.782+0100] {subprocess.py:93} INFO - [0m22:05:27  7 of 8 OK created sql table model clean.underdog_videos ........................ [[32mSELECT 0[0m in 0.04s]
[2025-05-12T23:05:27.783+0100] {subprocess.py:93} INFO - [0m22:05:27  8 of 8 START sql table model clean.video_viral_index ........................... [RUN]
[2025-05-12T23:05:27.821+0100] {subprocess.py:93} INFO - [0m22:05:27  8 of 8 OK created sql table model clean.video_viral_index ...................... [[32mSELECT 101[0m in 0.04s]
[2025-05-12T23:05:27.833+0100] {subprocess.py:93} INFO - [0m22:05:27
[2025-05-12T23:05:27.834+0100] {subprocess.py:93} INFO - [0m22:05:27  Finished running 8 table models in 0 hours 0 minutes and 0.52 seconds (0.52s).
[2025-05-12T23:05:27.888+0100] {subprocess.py:93} INFO - [0m22:05:27
[2025-05-12T23:05:27.888+0100] {subprocess.py:93} INFO - [0m22:05:27  [32mCompleted successfully[0m
[2025-05-12T23:05:27.889+0100] {subprocess.py:93} INFO - [0m22:05:27
[2025-05-12T23:05:27.889+0100] {subprocess.py:93} INFO - [0m22:05:27  Done. PASS=8 WARN=0 ERROR=0 SKIP=0 TOTAL=8
[2025-05-12T23:05:29.019+0100] {subprocess.py:97} INFO - Command exited with return code 0
[2025-05-12T23:05:29.020+0100] {taskinstance.py:441} INFO - ::group::Post task execution logs
[2025-05-12T23:05:29.028+0100] {taskinstance.py:1206} INFO - Marking task as SUCCESS. dag_id=youtube_daily_pipeline, task_id=dbt_run, run_id=manual__2025-05-12T22:05:21.245848+00:00, execution_date=20250512T220521, start_date=20250512T220525, end_date=20250512T220529
[2025-05-12T23:05:29.040+0100] {local_task_job_runner.py:243} INFO - Task exited with return code 0
[2025-05-12T23:05:29.046+0100] {taskinstance.py:3503} INFO - 0 downstream tasks scheduled from follow-on schedule check
[2025-05-12T23:05:29.046+0100] {local_task_job_runner.py:222} INFO - ::endgroup::
